<?xml version="1.0" encoding="UTF-8"?>
<testsuite xmlns:xsi="http://www.w3.org/2001/XMLSchema-instance" xsi:noNamespaceSchemaLocation="https://maven.apache.org/surefire/maven-surefire-plugin/xsd/surefire-test-report.xsd" version="3.0.2" name="eu.wohlben.qits.workspacedaemon.ServiceSupervisorTest" time="4.348" tests="6" errors="0" skipped="0" failures="0">
  <properties>
[...]
</properties>
  <testcase name="becomesReadyAfterGraceWithoutPattern" classname="eu.wohlben.qits.workspacedaemon.ServiceSupervisorTest" time="0.461"/>
  <testcase name="startsAndBecomesReadyOnPattern" classname="eu.wohlben.qits.workspacedaemon.ServiceSupervisorTest" time="0.356"/>
  <testcase name="crashLoopRestartsThenCrashes" classname="eu.wohlben.qits.workspacedaemon.ServiceSupervisorTest" time="2.822"/>
  <testcase name="reportAllReReportsRunningState" classname="eu.wohlben.qits.workspacedaemon.ServiceSupervisorTest" time="0.005"/>
  <testcase name="cleanExitWithoutRestartStops" classname="eu.wohlben.qits.workspacedaemon.ServiceSupervisorTest" time="0.354"/>
  <testcase name="groupKillReapsForkedChild" classname="eu.wohlben.qits.workspacedaemon.ServiceSupervisorTest" time="0.348"/>
</testsuite>