<?xml version="1.0" encoding="UTF-8"?>
<testsuite xmlns:xsi="http://www.w3.org/2001/XMLSchema-instance" xsi:noNamespaceSchemaLocation="https://maven.apache.org/surefire/maven-surefire-plugin/xsd/surefire-test-report.xsd" version="3.0.2" name="eu.wohlben.qits.workspacedaemon.detection.ComponentMapServiceTest" time="0.009" tests="6" errors="0" skipped="0" failures="0">
  <properties>
[...]
</properties>
  <testcase name="servesFromCacheWhileTheMarkerHoldsAndRescansWhenItMoves" classname="eu.wohlben.qits.workspacedaemon.detection.ComponentMapServiceTest" time="0.003"/>
  <testcase name="excludesSpecFilesSoTestHostComponentsNeverPolluteTheMap" classname="eu.wohlben.qits.workspacedaemon.detection.ComponentMapServiceTest" time="0.001"/>
  <testcase name="invalidateForcesARescanUnderTheSameMarker" classname="eu.wohlben.qits.workspacedaemon.detection.ComponentMapServiceTest" time="0.0"/>
  <testcase name="isEmptyForATreeWithoutComponents" classname="eu.wohlben.qits.workspacedaemon.detection.ComponentMapServiceTest" time="0.0"/>
  <testcase name="skipsCandidatesThatResolveOutsideTheWorkspaceRoot" classname="eu.wohlben.qits.workspacedaemon.detection.ComponentMapServiceTest" time="0.001"/>
  <testcase name="scansInlineAndExternalTemplateComponents" classname="eu.wohlben.qits.workspacedaemon.detection.ComponentMapServiceTest" time="0.001"/>
</testsuite>